15:19:32.902 INFO - Selenium build info: version: '3.5.3', revision: 'a88d25fe6b'
15:19:32.903 INFO - Launching a standalone Selenium Server
2018-02-20 15:19:32.915:INFO::main: Logging initialized @159ms to org.seleniumhq.jetty9.util.log.StdErrLog
15:19:32.953 INFO - Driver class not found: com.opera.core.systems.OperaDriver
15:19:32.977 INFO - Driver provider class org.openqa.selenium.ie.InternetExplorerDriver registration is skipped:
 registration capabilities Capabilities [{ensureCleanSession=true, browserName=internet explorer, version=, platform=WINDOWS}] does not match the current platform LINUX
15:19:32.977 INFO - Driver provider class org.openqa.selenium.edge.EdgeDriver registration is skipped:
 registration capabilities Capabilities [{browserName=MicrosoftEdge, version=, platform=WINDOWS}] does not match the current platform LINUX
15:19:32.978 INFO - Driver provider class org.openqa.selenium.safari.SafariDriver registration is skipped:
 registration capabilities Capabilities [{browserName=safari, version=, platform=MAC}] does not match the current platform LINUX
15:19:32.995 INFO - Using the passthrough mode handler
2018-02-20 15:19:33.019:INFO:osjs.Server:main: jetty-9.4.5.v20170502
2018-02-20 15:19:33.038:WARN:osjs.SecurityHandler:main: ServletContext@o.s.j.s.ServletContextHandler@7791a895{/,null,STARTING} has uncovered http methods for path: /
2018-02-20 15:19:33.042:INFO:osjsh.ContextHandler:main: Started o.s.j.s.ServletContextHandler@7791a895{/,null,AVAILABLE}
2018-02-20 15:19:33.051:INFO:osjs.AbstractConnector:main: Started ServerConnector@1f554b06{HTTP/1.1,[http/1.1]}{0.0.0.0:4444}
2018-02-20 15:19:33.052:INFO:osjs.Server:main: Started @296ms
15:19:33.052 INFO - Selenium Server is up and running
2018-02-20 15:19:33.192:INFO:osjshC.ROOT:qtp537548559-10: org.openqa.selenium.remote.server.WebDriverServlet-ae45eb6: Initialising WebDriverServlet
15:19:33.220 INFO - Binding default provider to: org.openqa.selenium.chrome.ChromeDriverService
15:19:33.221 INFO - Found handler: org.openqa.selenium.remote.server.BeginSession@7d15f2dc
15:19:33.224 INFO - /session: Executing POST on /session (handler: BeginSession)
15:19:33.257 INFO - Capabilities are: Capabilities {acceptSslCerts=true, name=Jobs / Google 2, browserName=chrome, javascriptEnabled=true, chromeOptions={args=[]}, platformName=ANY, platform=ANY, }
15:19:33.257 INFO - Capabilities {acceptSslCerts=true, name=Jobs / Google 2, browserName=chrome, javascriptEnabled=true, chromeOptions={args=[]}, platformName=ANY, platform=ANY, } matched class org.openqa.selenium.remote.server.ServicedSession$Factory (provider: org.openqa.selenium.chrome.ChromeDriverService)
15:19:33.258 INFO - Capabilities {acceptSslCerts=true, name=Jobs / Google 2, browserName=chrome, javascriptEnabled=true, chromeOptions={args=[]}, platformName=ANY, platform=ANY, } matched class org.openqa.selenium.remote.server.ServicedSession$Factory (provider: org.openqa.selenium.chrome.ChromeDriverService)
15:19:33.258 INFO - Capabilities {acceptSslCerts=true, name=Jobs / Google 2, browserName=chrome, javascriptEnabled=true, chromeOptions={args=[]}, platformName=ANY, platform=ANY, } matched class org.openqa.selenium.remote.server.ServicedSession$Factory (provider: org.openqa.selenium.chrome.ChromeDriverService)
Starting ChromeDriver 2.32.498513 (2c63aa53b2c658de596ed550eb5267ec5967b351) on port 11170
Only local connections are allowed.
15:19:33.917 INFO - Found handler: org.openqa.selenium.remote.server.ServicedSession@6bab34e9
15:19:33.918 INFO - Handler thread for session 9913fdc6cee37166b0eec30ad86efb0d (chrome): Executing POST on /session/9913fdc6cee37166b0eec30ad86efb0d/url (handler: ServicedSession)
15:19:33.920 INFO - To upstream: {"url":"http://www.google.com"}
15:19:34.800 INFO - To downstream: {"sessionId":"9913fdc6cee37166b0eec30ad86efb0d","status":0,"value":null}
15:19:34.809 INFO - Found handler: org.openqa.selenium.remote.server.ServicedSession@6bab34e9
15:19:34.811 INFO - Handler thread for session 9913fdc6cee37166b0eec30ad86efb0d (chrome): Executing POST on /session/9913fdc6cee37166b0eec30ad86efb0d/elements (handler: ServicedSession)
15:19:34.814 INFO - To upstream: {"using":"css selector","value":"body"}
15:19:34.844 INFO - To downstream: {"sessionId":"9913fdc6cee37166b0eec30ad86efb0d","status":0,"value":[{"ELEMENT":"0.3009269245082642-1"}]}
15:19:34.849 INFO - Found handler: org.openqa.selenium.remote.server.ServicedSession@6bab34e9
15:19:34.850 INFO - Handler thread for session 9913fdc6cee37166b0eec30ad86efb0d (chrome): Executing GET on /session/9913fdc6cee37166b0eec30ad86efb0d/element/0.3009269245082642-1/displayed (handler: ServicedSession)
15:19:35.086 INFO - To downstream: {"sessionId":"9913fdc6cee37166b0eec30ad86efb0d","status":0,"value":true}
15:19:35.090 INFO - Found handler: org.openqa.selenium.remote.server.ServicedSession@6bab34e9
15:19:35.091 INFO - Handler thread for session 9913fdc6cee37166b0eec30ad86efb0d (chrome): Executing POST on /session/9913fdc6cee37166b0eec30ad86efb0d/element (handler: ServicedSession)
15:19:35.095 INFO - To upstream: {"using":"css selector","value":"input[type=text]"}
15:19:35.123 INFO - To downstream: {"sessionId":"9913fdc6cee37166b0eec30ad86efb0d","status":0,"value":{"ELEMENT":"0.3009269245082642-2"}}
15:19:35.124 INFO - Found handler: org.openqa.selenium.remote.server.ServicedSession@6bab34e9
15:19:35.125 INFO - Handler thread for session 9913fdc6cee37166b0eec30ad86efb0d (chrome): Executing POST on /session/9913fdc6cee37166b0eec30ad86efb0d/element/0.3009269245082642-2/value (handler: ServicedSession)
15:19:35.126 INFO - To upstream: {"value":["n","i","g","h","t","w","a","t","c","h"]}
15:19:35.195 INFO - To downstream: {"sessionId":"9913fdc6cee37166b0eec30ad86efb0d","status":0,"value":null}
15:19:35.200 INFO - Found handler: org.openqa.selenium.remote.server.ServicedSession@6bab34e9
15:19:35.201 INFO - Handler thread for session 9913fdc6cee37166b0eec30ad86efb0d (chrome): Executing POST on /session/9913fdc6cee37166b0eec30ad86efb0d/elements (handler: ServicedSession)
15:19:35.202 INFO - To upstream: {"using":"css selector","value":"button[name=btnG]"}
15:19:35.211 INFO - To downstream: {"sessionId":"9913fdc6cee37166b0eec30ad86efb0d","status":0,"value":[{"ELEMENT":"0.3009269245082642-3"}]}
15:19:35.213 INFO - Found handler: org.openqa.selenium.remote.server.ServicedSession@6bab34e9
15:19:35.214 INFO - Handler thread for session 9913fdc6cee37166b0eec30ad86efb0d (chrome): Executing GET on /session/9913fdc6cee37166b0eec30ad86efb0d/element/0.3009269245082642-3/displayed (handler: ServicedSession)
15:19:35.253 INFO - To downstream: {"sessionId":"9913fdc6cee37166b0eec30ad86efb0d","status":0,"value":false}
15:19:35.757 INFO - Found handler: org.openqa.selenium.remote.server.ServicedSession@6bab34e9
15:19:35.757 INFO - Handler thread for session 9913fdc6cee37166b0eec30ad86efb0d (chrome): Executing GET on /session/9913fdc6cee37166b0eec30ad86efb0d/element/0.3009269245082642-3/displayed (handler: ServicedSession)
15:19:35.767 INFO - To downstream: {"sessionId":"9913fdc6cee37166b0eec30ad86efb0d","status":0,"value":false}
15:19:36.271 INFO - Found handler: org.openqa.selenium.remote.server.ServicedSession@6bab34e9
15:19:36.271 INFO - Handler thread for session 9913fdc6cee37166b0eec30ad86efb0d (chrome): Executing GET on /session/9913fdc6cee37166b0eec30ad86efb0d/element/0.3009269245082642-3/displayed (handler: ServicedSession)
15:19:36.279 INFO - To downstream: {"sessionId":"9913fdc6cee37166b0eec30ad86efb0d","status":0,"value":false}
15:19:36.285 INFO - Found handler: org.openqa.selenium.remote.server.ServicedSession@6bab34e9
15:19:36.285 INFO - Handler thread for session 9913fdc6cee37166b0eec30ad86efb0d (chrome): Executing DELETE on /session/9913fdc6cee37166b0eec30ad86efb0d (handler: ServicedSession)
15:19:36.337 INFO - To downstream: {"sessionId":"9913fdc6cee37166b0eec30ad86efb0d","status":0,"value":null}
15:19:36.340 INFO - Removing session org.openqa.selenium.remote.server.ServicedSession@6bab34e9
15:19:36.342 INFO - To downstream: {"sessionId":"9913fdc6cee37166b0eec30ad86efb0d","status":0,"value":null}
15:19:36.360 INFO - Binding default provider to: org.openqa.selenium.chrome.ChromeDriverService
15:19:36.360 INFO - Found handler: org.openqa.selenium.remote.server.BeginSession@9ae02c8
15:19:36.361 INFO - /session: Executing POST on /session (handler: BeginSession)
15:19:36.362 INFO - Capabilities are: Capabilities {acceptSslCerts=true, name=Jobs / Google, browserName=chrome, javascriptEnabled=true, chromeOptions={args=[]}, platformName=ANY, platform=ANY, }
15:19:36.362 INFO - Capabilities {acceptSslCerts=true, name=Jobs / Google, browserName=chrome, javascriptEnabled=true, chromeOptions={args=[]}, platformName=ANY, platform=ANY, } matched class org.openqa.selenium.remote.server.ServicedSession$Factory (provider: org.openqa.selenium.chrome.ChromeDriverService)
15:19:36.362 INFO - Capabilities {acceptSslCerts=true, name=Jobs / Google, browserName=chrome, javascriptEnabled=true, chromeOptions={args=[]}, platformName=ANY, platform=ANY, } matched class org.openqa.selenium.remote.server.ServicedSession$Factory (provider: org.openqa.selenium.chrome.ChromeDriverService)
15:19:36.362 INFO - Capabilities {acceptSslCerts=true, name=Jobs / Google, browserName=chrome, javascriptEnabled=true, chromeOptions={args=[]}, platformName=ANY, platform=ANY, } matched class org.openqa.selenium.remote.server.ServicedSession$Factory (provider: org.openqa.selenium.chrome.ChromeDriverService)
Starting ChromeDriver 2.32.498513 (2c63aa53b2c658de596ed550eb5267ec5967b351) on port 12636
Only local connections are allowed.
15:19:36.737 INFO - Found handler: org.openqa.selenium.remote.server.ServicedSession@223e8291
15:19:36.738 INFO - Handler thread for session 82aae3a3f9f7e108ad002729a947d08e (chrome): Executing POST on /session/82aae3a3f9f7e108ad002729a947d08e/url (handler: ServicedSession)
15:19:36.739 INFO - To upstream: {"url":"http://www.google.com"}
15:19:37.467 INFO - To downstream: {"sessionId":"82aae3a3f9f7e108ad002729a947d08e","status":0,"value":null}
15:19:37.474 INFO - Found handler: org.openqa.selenium.remote.server.ServicedSession@223e8291
15:19:37.474 INFO - Handler thread for session 82aae3a3f9f7e108ad002729a947d08e (chrome): Executing POST on /session/82aae3a3f9f7e108ad002729a947d08e/elements (handler: ServicedSession)
15:19:37.475 INFO - To upstream: {"using":"css selector","value":"body"}
15:19:37.511 INFO - To downstream: {"sessionId":"82aae3a3f9f7e108ad002729a947d08e","status":0,"value":[{"ELEMENT":"0.028279835720938173-1"}]}
15:19:37.516 INFO - Found handler: org.openqa.selenium.remote.server.ServicedSession@223e8291
15:19:37.516 INFO - Handler thread for session 82aae3a3f9f7e108ad002729a947d08e (chrome): Executing GET on /session/82aae3a3f9f7e108ad002729a947d08e/element/0.028279835720938173-1/displayed (handler: ServicedSession)
15:19:37.765 INFO - To downstream: {"sessionId":"82aae3a3f9f7e108ad002729a947d08e","status":0,"value":true}
15:19:37.772 INFO - Found handler: org.openqa.selenium.remote.server.ServicedSession@223e8291
15:19:37.772 INFO - Handler thread for session 82aae3a3f9f7e108ad002729a947d08e (chrome): Executing POST on /session/82aae3a3f9f7e108ad002729a947d08e/element (handler: ServicedSession)
15:19:37.773 INFO - To upstream: {"using":"css selector","value":"input[type=text]"}
15:19:37.800 INFO - To downstream: {"sessionId":"82aae3a3f9f7e108ad002729a947d08e","status":0,"value":{"ELEMENT":"0.028279835720938173-2"}}
15:19:37.803 INFO - Found handler: org.openqa.selenium.remote.server.ServicedSession@223e8291
15:19:37.803 INFO - Handler thread for session 82aae3a3f9f7e108ad002729a947d08e (chrome): Executing POST on /session/82aae3a3f9f7e108ad002729a947d08e/element/0.028279835720938173-2/value (handler: ServicedSession)
15:19:37.804 INFO - To upstream: {"value":["n","i","g","h","t","w","a","t","c","h"]}
15:19:37.872 INFO - To downstream: {"sessionId":"82aae3a3f9f7e108ad002729a947d08e","status":0,"value":null}
15:19:37.874 INFO - Found handler: org.openqa.selenium.remote.server.ServicedSession@223e8291
15:19:37.875 INFO - Handler thread for session 82aae3a3f9f7e108ad002729a947d08e (chrome): Executing POST on /session/82aae3a3f9f7e108ad002729a947d08e/elements (handler: ServicedSession)
15:19:37.877 INFO - To upstream: {"using":"css selector","value":"button[name=btnG]"}
15:19:37.887 INFO - To downstream: {"sessionId":"82aae3a3f9f7e108ad002729a947d08e","status":0,"value":[{"ELEMENT":"0.028279835720938173-3"}]}
15:19:37.889 INFO - Found handler: org.openqa.selenium.remote.server.ServicedSession@223e8291
15:19:37.890 INFO - Handler thread for session 82aae3a3f9f7e108ad002729a947d08e (chrome): Executing GET on /session/82aae3a3f9f7e108ad002729a947d08e/element/0.028279835720938173-3/displayed (handler: ServicedSession)
15:19:37.918 INFO - To downstream: {"sessionId":"82aae3a3f9f7e108ad002729a947d08e","status":0,"value":false}
15:19:38.424 INFO - Found handler: org.openqa.selenium.remote.server.ServicedSession@223e8291
15:19:38.425 INFO - Handler thread for session 82aae3a3f9f7e108ad002729a947d08e (chrome): Executing GET on /session/82aae3a3f9f7e108ad002729a947d08e/element/0.028279835720938173-3/displayed (handler: ServicedSession)
15:19:38.468 INFO - To downstream: {"sessionId":"82aae3a3f9f7e108ad002729a947d08e","status":0,"value":false}
15:19:38.969 INFO - Found handler: org.openqa.selenium.remote.server.ServicedSession@223e8291
15:19:38.970 INFO - Handler thread for session 82aae3a3f9f7e108ad002729a947d08e (chrome): Executing GET on /session/82aae3a3f9f7e108ad002729a947d08e/element/0.028279835720938173-3/displayed (handler: ServicedSession)
15:19:38.976 INFO - To downstream: {"sessionId":"82aae3a3f9f7e108ad002729a947d08e","status":0,"value":false}
15:19:39.483 INFO - Found handler: org.openqa.selenium.remote.server.ServicedSession@223e8291
15:19:39.484 INFO - Handler thread for session 82aae3a3f9f7e108ad002729a947d08e (chrome): Executing GET on /session/82aae3a3f9f7e108ad002729a947d08e/element/0.028279835720938173-3/displayed (handler: ServicedSession)
15:19:39.494 INFO - To downstream: {"sessionId":"82aae3a3f9f7e108ad002729a947d08e","status":0,"value":false}
15:19:39.997 INFO - Found handler: org.openqa.selenium.remote.server.ServicedSession@223e8291
15:19:39.998 INFO - Handler thread for session 82aae3a3f9f7e108ad002729a947d08e (chrome): Executing GET on /session/82aae3a3f9f7e108ad002729a947d08e/element/0.028279835720938173-3/displayed (handler: ServicedSession)
15:19:40.005 INFO - To downstream: {"sessionId":"82aae3a3f9f7e108ad002729a947d08e","status":0,"value":false}
15:19:40.508 INFO - Found handler: org.openqa.selenium.remote.server.ServicedSession@223e8291
15:19:40.508 INFO - Handler thread for session 82aae3a3f9f7e108ad002729a947d08e (chrome): Executing GET on /session/82aae3a3f9f7e108ad002729a947d08e/element/0.028279835720938173-3/displayed (handler: ServicedSession)
15:19:40.526 INFO - To downstream: {"sessionId":"82aae3a3f9f7e108ad002729a947d08e","status":0,"value":false}
15:19:41.033 INFO - Found handler: org.openqa.selenium.remote.server.ServicedSession@223e8291
15:19:41.034 INFO - Handler thread for session 82aae3a3f9f7e108ad002729a947d08e (chrome): Executing GET on /session/82aae3a3f9f7e108ad002729a947d08e/element/0.028279835720938173-3/displayed (handler: ServicedSession)
15:19:41.068 INFO - To downstream: {"sessionId":"82aae3a3f9f7e108ad002729a947d08e","status":0,"value":false}
15:19:41.072 INFO - Found handler: org.openqa.selenium.remote.server.ServicedSession@223e8291
15:19:41.072 INFO - Handler thread for session 82aae3a3f9f7e108ad002729a947d08e (chrome): Executing DELETE on /session/82aae3a3f9f7e108ad002729a947d08e (handler: ServicedSession)
15:19:41.128 INFO - To downstream: {"sessionId":"82aae3a3f9f7e108ad002729a947d08e","status":0,"value":null}
15:19:41.130 INFO - Removing session org.openqa.selenium.remote.server.ServicedSession@223e8291
15:19:41.136 INFO - To downstream: {"sessionId":"82aae3a3f9f7e108ad002729a947d08e","status":0,"value":null}
